LogManager: Log File Opened Successfully.
LogManager: Initialized.
WorldManager: Initialized.
GameManager: Step Event sent to all objects.
WorldManager: Deferred object removal successful.
GameManager: Step Event sent to all objects.
WorldManager: Deferred object removal successful.
GameManager: Step Event sent to all objects.
WorldManager: Deferred object removal successful.
GameManager: Step Event sent to all objects.
WorldManager: Deferred object removal successful.
GameManager: Step Event sent to all objects.
WorldManager: Deferred object removal successful.
GameManager: Step Event sent to all objects.
WorldManager: Deferred object removal successful.
GameManager: Step Event sent to all objects.
WorldManager: Deferred object removal successful.
GameManager: Step Event sent to all objects.
WorldManager: Deferred object removal successful.
GameManager: Step Event sent to all objects.
WorldManager: Deferred object removal successful.
GameManager: Step Event sent to all objects.
WorldManager: Deferred object removal successful.
GameManager: Step Event sent to all objects.
WorldManager: Deferred object removal successful.
GameManager: Step Event sent to all objects.
WorldManager: Deferred object removal successful.
GameManager: Step Event sent to all objects.
WorldManager: Deferred object removal successful.
GameManager: Step Event sent to all objects.
WorldManager: Deferred object removal successful.
GameManager: Step Event sent to all objects.
WorldManager: Deferred object removal successful.
GameManager: Step Event sent to all objects.
WorldManager: Deferred object removal successful.
GameManager: Step Event sent to all objects.
WorldManager: Deferred object removal successful.
GameManager: Step Event sent to all objects.
WorldManager: Deferred object removal successful.
GameManager: Step Event sent to all objects.
WorldManager: Deferred object removal successful.
GameManager: Step Event sent to all objects.
WorldManager: Deferred object removal successful.
GameManager: Step Event sent to all objects.
WorldManager: Deferred object removal successful.
GameManager: Step Event sent to all objects.
WorldManager: Deferred object removal successful.
GameManager: Step Event sent to all objects.
WorldManager: Deferred object removal successful.
GameManager: Step Event sent to all objects.
WorldManager: Deferred object removal successful.
GameManager: Step Event sent to all objects.
WorldManager: Deferred object removal successful.
GameManager: Step Event sent to all objects.
WorldManager: Deferred object removal successful.
GameManager: Step Event sent to all objects.
WorldManager: Deferred object removal successful.
GameManager: Step Event sent to all objects.
WorldManager: Deferred object removal successful.
GameManager: Step Event sent to all objects.
WorldManager: Deferred object removal successful.
GameManager: Step Event sent to all objects.
WorldManager: Deferred object removal successful.
GameManager: Step Event sent to all objects.
WorldManager: Deferred object removal successful.
GameManager: Step Event sent to all objects.
WorldManager: Deferred object removal successful.
GameManager: Step Event sent to all objects.
WorldManager: Deferred object removal successful.
GameManager: Step Event sent to all objects.
WorldManager: Deferred object removal successful.
GameManager: Step Event sent to all objects.
WorldManager: Deferred object removal successful.
GameManager: Step Event sent to all objects.
WorldManager: Deferred object removal successful.
GameManager: Step Event sent to all objects.
WorldManager: Deferred object removal successful.
GameManager: Step Event sent to all objects.
WorldManager: Deferred object removal successful.
GameManager: Step Event sent to all objects.
WorldManager: Deferred object removal successful.
GameManager: Step Event sent to all objects.
WorldManager: Deferred object removal successful.
GameManager: Step Event sent to all objects.
WorldManager: Deferred object removal successful.
GameManager: Step Event sent to all objects.
WorldManager: Deferred object removal successful.
GameManager: Step Event sent to all objects.
WorldManager: Deferred object removal successful.
GameManager: Step Event sent to all objects.
WorldManager: Deferred object removal successful.
GameManager: Step Event sent to all objects.
WorldManager: Deferred object removal successful.
GameManager: Step Event sent to all objects.
WorldManager: Deferred object removal successful.
GameManager: Step Event sent to all objects.
WorldManager: Deferred object removal successful.
GameManager: Step Event sent to all objects.
WorldManager: Deferred object removal successful.
GameManager: Step Event sent to all objects.
WorldManager: Deferred object removal successful.
GameManager: Step Event sent to all objects.
WorldManager: Deferred object removal successful.
GameManager: Step Event sent to all objects.
WorldManager: Deferred object removal successful.
GameManager: Step Event sent to all objects.
WorldManager: Deferred object removal successful.
GameManager: Step Event sent to all objects.
WorldManager: Deferred object removal successful.
GameManager: Step Event sent to all objects.
WorldManager: Deferred object removal successful.
GameManager: Step Event sent to all objects.
WorldManager: Deferred object removal successful.
GameManager: Step Event sent to all objects.
WorldManager: Deferred object removal successful.
GameManager: Step Event sent to all objects.
WorldManager: Deferred object removal successful.
GameManager: Step Event sent to all objects.
WorldManager: Deferred object removal successful.
GameManager: Step Event sent to all objects.
WorldManager: Deferred object removal successful.
GameManager: Step Event sent to all objects.
WorldManager: Deferred object removal successful.
GameManager: Step Event sent to all objects.
WorldManager: Deferred object removal successful.
GameManager: Step Event sent to all objects.
WorldManager: Deferred object removal successful.
GameManager: Step Event sent to all objects.
WorldManager: Deferred object removal successful.
GameManager: Step Event sent to all objects.
WorldManager: Deferred object removal successful.
GameManager: Step Event sent to all objects.
WorldManager: Deferred object removal successful.
GameManager: Step Event sent to all objects.
WorldManager: Deferred object removal successful.
GameManager: Step Event sent to all objects.
WorldManager: Deferred object removal successful.
GameManager: Step Event sent to all objects.
WorldManager: Deferred object removal successful.
GameManager: Step Event sent to all objects.
WorldManager: Deferred object removal successful.
GameManager: Step Event sent to all objects.
WorldManager: Deferred object removal successful.
GameManager: Step Event sent to all objects.
WorldManager: Deferred object removal successful.
GameManager: Step Event sent to all objects.
WorldManager: Deferred object removal successful.
GameManager: Step Event sent to all objects.
WorldManager: Deferred object removal successful.
GameManager: Step Event sent to all objects.
WorldManager: Deferred object removal successful.
GameManager: Step Event sent to all objects.
WorldManager: Deferred object removal successful.
GameManager: Step Event sent to all objects.
WorldManager: Deferred object removal successful.
GameManager: Step Event sent to all objects.
WorldManager: Deferred object removal successful.
GameManager: Step Event sent to all objects.
WorldManager: Deferred object removal successful.
GameManager: Step Event sent to all objects.
WorldManager: Deferred object removal successful.
GameManager: Step Event sent to all objects.
WorldManager: Deferred object removal successful.
GameManager: Step Event sent to all objects.
WorldManager: Deferred object removal successful.
GameManager: Step Event sent to all objects.
WorldManager: Deferred object removal successful.
GameManager: Step Event sent to all objects.
WorldManager: Deferred object removal successful.
GameManager: Step Event sent to all objects.
WorldManager: Deferred object removal successful.
GameManager: Step Event sent to all objects.
WorldManager: Deferred object removal successful.
GameManager: Step Event sent to all objects.
WorldManager: Deferred object removal successful.
GameManager: Step Event sent to all objects.
WorldManager: Deferred object removal successful.
GameManager: Step Event sent to all objects.
WorldManager: Deferred object removal successful.
GameManager: Step Event sent to all objects.
WorldManager: Deferred object removal successful.
GameManager: Step Event sent to all objects.
WorldManager: Deferred object removal successful.
GameManager: Step Event sent to all objects.
WorldManager: Deferred object removal successful.
GameManager: Step Event sent to all objects.
WorldManager: Deferred object removal successful.
GameManager: Step Event sent to all objects.
WorldManager: Deferred object removal successful.
GameManager: Step Event sent to all objects.
WorldManager: Deferred object removal successful.
GameManager: Step Event sent to all objects.
WorldManager: Deferred object removal successful.
GameManager: Step Event sent to all objects.
WorldManager: Deferred object removal successful.
GameManager: Step Event sent to all objects.
WorldManager: Deferred object removal successful.
GameManager: Step Event sent to all objects.
WorldManager: Deferred object removal successful.
GameManager: Step Event sent to all objects.
WorldManager: Deferred object removal successful.
GameManager: Step Event sent to all objects.
WorldManager: Deferred object removal successful.
GameManager: Step Event sent to all objects.
WorldManager: Deferred object removal successful.
GameManager: Step Event sent to all objects.
WorldManager: Deferred object removal successful.
GameManager: Step Event sent to all objects.
WorldManager: Deferred object removal successful.
GameManager: Step Event sent to all objects.
WorldManager: Deferred object removal successful.
GameManager: Step Event sent to all objects.
WorldManager: Deferred object removal successful.
GameManager: Step Event sent to all objects.
WorldManager: Deferred object removal successful.
GameManager: Step Event sent to all objects.
WorldManager: Deferred object removal successful.
GameManager: Step Event sent to all objects.
WorldManager: Deferred object removal successful.
GameManager: Step Event sent to all objects.
WorldManager: Deferred object removal successful.
GameManager: Step Event sent to all objects.
WorldManager: Deferred object removal successful.
GameManager: Step Event sent to all objects.
WorldManager: Deferred object removal successful.
GameManager: Step Event sent to all objects.
WorldManager: Deferred object removal successful.
GameManager: Step Event sent to all objects.
WorldManager: Deferred object removal successful.
GameManager: Step Event sent to all objects.
WorldManager: Deferred object removal successful.
GameManager: Step Event sent to all objects.
WorldManager: Deferred object removal successful.
GameManager: Step Event sent to all objects.
WorldManager: Deferred object removal successful.
GameManager: Step Event sent to all objects.
WorldManager: Deferred object removal successful.
GameManager: Step Event sent to all objects.
WorldManager: Deferred object removal successful.
GameManager: Step Event sent to all objects.
WorldManager: Deferred object removal successful.
GameManager: Step Event sent to all objects.
WorldManager: Deferred object removal successful.
GameManager: Step Event sent to all objects.
WorldManager: Deferred object removal successful.
GameManager: Step Event sent to all objects.
WorldManager: Deferred object removal successful.
GameManager: Step Event sent to all objects.
WorldManager: Deferred object removal successful.
GameManager: Step Event sent to all objects.
WorldManager: Deferred object removal successful.
GameManager: Step Event sent to all objects.
WorldManager: Deferred object removal successful.
GameManager: Step Event sent to all objects.
WorldManager: Deferred object removal successful.
GameManager: Step Event sent to all objects.
WorldManager: Deferred object removal successful.
GameManager: Step Event sent to all objects.
WorldManager: Deferred object removal successful.
GameManager: Step Event sent to all objects.
WorldManager: Deferred object removal successful.
GameManager: Step Event sent to all objects.
WorldManager: Deferred object removal successful.
GameManager: Step Event sent to all objects.
WorldManager: Deferred object removal successful.
GameManager: Step Event sent to all objects.
WorldManager: Deferred object removal successful.
GameManager: Step Event sent to all objects.
WorldManager: Deferred object removal successful.
GameManager: Step Event sent to all objects.
WorldManager: Deferred object removal successful.
GameManager: Step Event sent to all objects.
WorldManager: Deferred object removal successful.
GameManager: Step Event sent to all objects.
WorldManager: Deferred object removal successful.
GameManager: Step Event sent to all objects.
WorldManager: Deferred object removal successful.
GameManager: Step Event sent to all objects.
WorldManager: Deferred object removal successful.
GameManager: Step Event sent to all objects.
WorldManager: Deferred object removal successful.
GameManager: Step Event sent to all objects.
WorldManager: Deferred object removal successful.
