LogManager: Log File Opened Successfully.
LogManager: Initialized.
Graphics Manager:: starting up.
WorldManager: Initialized.
Input Manager:: starting up.
Resource Manager:: starting up.
GameManager: Step Event sent to all objects.
WorldManager: Deferred object removal successful.
GameManager: Step Event sent to all objects.
WorldManager: Deferred object removal successful.
GameManager: Step Event sent to all objects.
WorldManager: Deferred object removal successful.
GameManager: Step Event sent to all objects.
WorldManager: Deferred object removal successful.
GameManager: Step Event sent to all objects.
WorldManager: Deferred object removal successful.
GameManager: Step Event sent to all objects.
WorldManager: Deferred object removal successful.
GameManager: Step Event sent to all objects.
WorldManager: Deferred object removal successful.
GameManager: Step Event sent to all objects.
WorldManager: Deferred object removal successful.
GameManager: Step Event sent to all objects.
WorldManager: Deferred object removal successful.
GameManager: Step Event sent to all objects.
WorldManager: Deferred object removal successful.
GameManager: Step Event sent to all objects.
WorldManager: Deferred object removal successful.
GameManager: Step Event sent to all objects.
WorldManager: Deferred object removal successful.
GameManager: Step Event sent to all objects.
WorldManager: Deferred object removal successful.
GameManager: Step Event sent to all objects.
WorldManager: Deferred object removal successful.
GameManager: Step Event sent to all objects.
WorldManager: Deferred object removal successful.
GameManager: Step Event sent to all objects.
WorldManager: Deferred object removal successful.
GameManager: Step Event sent to all objects.
WorldManager: Deferred object removal successful.
GameManager: Step Event sent to all objects.
WorldManager: Deferred object removal successful.
GameManager: Step Event sent to all objects.
WorldManager: Deferred object removal successful.
GameManager: Step Event sent to all objects.
WorldManager: Deferred object removal successful.
GameManager: Step Event sent to all objects.
WorldManager: Deferred object removal successful.
GameManager: Step Event sent to all objects.
WorldManager: Deferred object removal successful.
GameManager: Step Event sent to all objects.
WorldManager: Deferred object removal successful.
GameManager: Step Event sent to all objects.
WorldManager: Deferred object removal successful.
GameManager: Step Event sent to all objects.
WorldManager: Deferred object removal successful.
GameManager: Step Event sent to all objects.
WorldManager: Deferred object removal successful.
GameManager: Step Event sent to all objects.
WorldManager: Deferred object removal successful.
GameManager: Step Event sent to all objects.
WorldManager: Deferred object removal successful.
GameManager: Step Event sent to all objects.
WorldManager: Deferred object removal successful.
GameManager: Step Event sent to all objects.
WorldManager: Deferred object removal successful.
GameManager: Step Event sent to all objects.
WorldManager: Deferred object removal successful.
GameManager: Step Event sent to all objects.
WorldManager: Deferred object removal successful.
GameManager: Step Event sent to all objects.
WorldManager: Deferred object removal successful.
GameManager: Step Event sent to all objects.
WorldManager: Deferred object removal successful.
GameManager: Step Event sent to all objects.
WorldManager: Deferred object removal successful.
GameManager: Step Event sent to all objects.
WorldManager: Deferred object removal successful.
GameManager: Step Event sent to all objects.
WorldManager: Deferred object removal successful.
GameManager: Step Event sent to all objects.
WorldManager: Deferred object removal successful.
GameManager: Step Event sent to all objects.
WorldManager: Deferred object removal successful.
GameManager: Step Event sent to all objects.
WorldManager: Deferred object removal successful.
GameManager: Step Event sent to all objects.
WorldManager: Deferred object removal successful.
GameManager: Step Event sent to all objects.
WorldManager: Deferred object removal successful.
GameManager: Step Event sent to all objects.
WorldManager: Deferred object removal successful.
GameManager: Step Event sent to all objects.
WorldManager: Deferred object removal successful.
GameManager: Step Event sent to all objects.
WorldManager: Deferred object removal successful.
GameManager: Step Event sent to all objects.
WorldManager: Deferred object removal successful.
GameManager: Step Event sent to all objects.
WorldManager: Deferred object removal successful.
GameManager: Step Event sent to all objects.
WorldManager: Deferred object removal successful.
GameManager: Step Event sent to all objects.
WorldManager: Deferred object removal successful.
GameManager: Step Event sent to all objects.
WorldManager: Deferred object removal successful.
GameManager: Step Event sent to all objects.
WorldManager: Deferred object removal successful.
GameManager: Step Event sent to all objects.
WorldManager: Deferred object removal successful.
GameManager: Step Event sent to all objects.
WorldManager: Deferred object removal successful.
GameManager: Step Event sent to all objects.
WorldManager: Deferred object removal successful.
GameManager: Step Event sent to all objects.
WorldManager: Deferred object removal successful.
GameManager: Step Event sent to all objects.
WorldManager: Deferred object removal successful.
GameManager: Step Event sent to all objects.
WorldManager: Deferred object removal successful.
GameManager: Step Event sent to all objects.
WorldManager: Deferred object removal successful.
GameManager: Step Event sent to all objects.
WorldManager: Deferred object removal successful.
GameManager: Step Event sent to all objects.
WorldManager: Deferred object removal successful.
GameManager: Step Event sent to all objects.
WorldManager: Deferred object removal successful.
GameManager: Step Event sent to all objects.
WorldManager: Deferred object removal successful.
GameManager: Step Event sent to all objects.
WorldManager: Deferred object removal successful.
GameManager: Step Event sent to all objects.
WorldManager: Deferred object removal successful.
GameManager: Step Event sent to all objects.
WorldManager: Deferred object removal successful.
GameManager: Step Event sent to all objects.
WorldManager: Deferred object removal successful.
GameManager: Step Event sent to all objects.
WorldManager: Deferred object removal successful.
GameManager: Step Event sent to all objects.
WorldManager: Deferred object removal successful.
GameManager: Step Event sent to all objects.
WorldManager: Deferred object removal successful.
GameManager: Step Event sent to all objects.
WorldManager: Deferred object removal successful.
GameManager: Step Event sent to all objects.
WorldManager: Deferred object removal successful.
GameManager: Step Event sent to all objects.
WorldManager: Deferred object removal successful.
GameManager: Step Event sent to all objects.
WorldManager: Deferred object removal successful.
GameManager: Step Event sent to all objects.
WorldManager: Deferred object removal successful.
GameManager: Step Event sent to all objects.
WorldManager: Deferred object removal successful.
GameManager: Step Event sent to all objects.
WorldManager: Deferred object removal successful.
GameManager: Step Event sent to all objects.
WorldManager: Deferred object removal successful.
GameManager: Step Event sent to all objects.
WorldManager: Deferred object removal successful.
GameManager: Step Event sent to all objects.
WorldManager: Deferred object removal successful.
GameManager: Step Event sent to all objects.
WorldManager: Deferred object removal successful.
GameManager: Step Event sent to all objects.
WorldManager: Deferred object removal successful.
GameManager: Step Event sent to all objects.
WorldManager: Deferred object removal successful.
GameManager: Step Event sent to all objects.
WorldManager: Deferred object removal successful.
GameManager: Step Event sent to all objects.
WorldManager: Deferred object removal successful.
GameManager: Step Event sent to all objects.
WorldManager: Deferred object removal successful.
GameManager: Step Event sent to all objects.
WorldManager: Deferred object removal successful.
GameManager: Step Event sent to all objects.
WorldManager: Deferred object removal successful.
GameManager: Step Event sent to all objects.
WorldManager: Deferred object removal successful.
GameManager: Step Event sent to all objects.
WorldManager: Deferred object removal successful.
GameManager: Step Event sent to all objects.
WorldManager: Deferred object removal successful.
GameManager: Step Event sent to all objects.
WorldManager: Deferred object removal successful.
GameManager: Step Event sent to all objects.
WorldManager: Deferred object removal successful.
GameManager: Step Event sent to all objects.
WorldManager: Deferred object removal successful.
GameManager: Step Event sent to all objects.
WorldManager: Deferred object removal successful.
GameManager: Step Event sent to all objects.
WorldManager: Deferred object removal successful.
GameManager: Step Event sent to all objects.
WorldManager: Deferred object removal successful.
GameManager: Step Event sent to all objects.
WorldManager: Deferred object removal successful.
GameManager: Step Event sent to all objects.
WorldManager: Deferred object removal successful.
GameManager: Step Event sent to all objects.
WorldManager: Deferred object removal successful.
GameManager: Step Event sent to all objects.
WorldManager: Deferred object removal successful.
GameManager: Step Event sent to all objects.
WorldManager: Deferred object removal successful.
GameManager: Step Event sent to all objects.
WorldManager: Deferred object removal successful.
GameManager: Step Event sent to all objects.
WorldManager: Deferred object removal successful.
GameManager: Step Event sent to all objects.
WorldManager: Deferred object removal successful.
GameManager: Step Event sent to all objects.
WorldManager: Deferred object removal successful.
GameManager: Step Event sent to all objects.
WorldManager: Deferred object removal successful.
GameManager: Step Event sent to all objects.
WorldManager: Deferred object removal successful.
GameManager: Step Event sent to all objects.
WorldManager: Deferred object removal successful.
GameManager: Step Event sent to all objects.
WorldManager: Deferred object removal successful.
GameManager: Step Event sent to all objects.
WorldManager: Deferred object removal successful.
GameManager: Step Event sent to all objects.
WorldManager: Deferred object removal successful.
GameManager: Step Event sent to all objects.
WorldManager: Deferred object removal successful.
GameManager: Step Event sent to all objects.
WorldManager: Deferred object removal successful.
GameManager: Step Event sent to all objects.
WorldManager: Deferred object removal successful.
GameManager: Step Event sent to all objects.
WorldManager: Deferred object removal successful.
GameManager: Step Event sent to all objects.
WorldManager: Deferred object removal successful.
GameManager: Step Event sent to all objects.
WorldManager: Deferred object removal successful.
GameManager: Step Event sent to all objects.
WorldManager: Deferred object removal successful.
GameManager: Step Event sent to all objects.
WorldManager: Deferred object removal successful.
GameManager: Step Event sent to all objects.
WorldManager: Deferred object removal successful.
GameManager: Step Event sent to all objects.
WorldManager: Deferred object removal successful.
GameManager: Step Event sent to all objects.
WorldManager: Deferred object removal successful.
GameManager: Step Event sent to all objects.
WorldManager: Deferred object removal successful.
GameManager: Step Event sent to all objects.
WorldManager: Deferred object removal successful.
GameManager: Step Event sent to all objects.
WorldManager: Deferred object removal successful.
GameManager: Step Event sent to all objects.
WorldManager: Deferred object removal successful.
GameManager: Step Event sent to all objects.
WorldManager: Deferred object removal successful.
GameManager: Step Event sent to all objects.
WorldManager: Deferred object removal successful.
GameManager: Step Event sent to all objects.
WorldManager: Deferred object removal successful.
GameManager: Step Event sent to all objects.
WorldManager: Deferred object removal successful.
GameManager: Step Event sent to all objects.
WorldManager: Deferred object removal successful.
GameManager: Step Event sent to all objects.
WorldManager: Deferred object removal successful.
GameManager: Step Event sent to all objects.
WorldManager: Deferred object removal successful.
GameManager: Step Event sent to all objects.
WorldManager: Deferred object removal successful.
GameManager: Step Event sent to all objects.
WorldManager: Deferred object removal successful.
GameManager: Step Event sent to all objects.
WorldManager: Deferred object removal successful.
GameManager: Step Event sent to all objects.
WorldManager: Deferred object removal successful.
GameManager: Step Event sent to all objects.
WorldManager: Deferred object removal successful.
GameManager: Step Event sent to all objects.
WorldManager: Deferred object removal successful.
